<?xml version="1.0" encoding="UTF-8"?>
<testsuite xmlns:xsi="http://www.w3.org/2001/XMLSchema-instance" xsi:noNamespaceSchemaLocation="https://maven.apache.org/surefire/maven-surefire-plugin/xsd/surefire-test-report.xsd" name="TestSuite" time="633.556" tests="9" errors="0" skipped="0" failures="3">
  <properties>
[...]
</properties>
  <testcase name="feature" classname="upskill.runners.RunnerClass" time="120.763"/>
  <testcase name="feature" classname="upskill.runners.RunnerClass" time="67.298">
    <failure message="org.openqa.selenium.NoSuchElementException: no such element: Unable to locate element: {&quot;method&quot;:&quot;xpath&quot;,&quot;selector&quot;:&quot;//select[@name=&apos;Size Type&apos;]&quot;}&#10;  (Session info: chrome=107.0.5304.110)&#10;For documentation on this error, please visit: http://seleniumhq.org/exceptions/no_such_element.html&#10;Build info: version: &apos;3.12.0&apos;, revision: &apos;7c6e0b3&apos;, time: &apos;2018-05-08T14:04:26.12Z&apos;&#10;System info: host: &apos;mds-MacBook-Pro.lan&apos;, ip: &apos;2603:7000:e300:e694:0:0:0:125b%en0&apos;, os.name: &apos;Mac OS X&apos;, os.arch: &apos;x86_64&apos;, os.version: &apos;13.0.1&apos;, java.version: &apos;1.8.0_341&apos;&#10;Driver info: org.openqa.selenium.chrome.ChromeDriver&#10;Capabilities {acceptInsecureCerts: false, browserName: chrome, browserVersion: 107.0.5304.110, chrome: {chromedriverVersion: 107.0.5304.62 (1eec40d3a576..., userDataDir: /var/folders/01/z0yb3s817d5...}, goog:chromeOptions: {debuggerAddress: localhost:60649}, javascriptEnabled: true, networkConnectionEnabled: false, pageLoadStrategy: normal, platform: MAC, platformName: MAC, proxy: Proxy(), setWindowRect: true, strictFileInteractability: false, timeouts: {implicit: 0, pageLoad: 300000, script: 30000}, unhandledPromptBehavior: dismiss and notify, webauthn:extension:credBlob: true, webauthn:extension:largeBlob: true, webauthn:virtualAuthenticators: true}&#10;Session ID: 20329ec9beb9081da3c4633bcbaeffc1&#10;*** Element info: {Using=xpath, value=//select[@name=&apos;Size Type&apos;]}" type="cucumber.runtime.CucumberException">cucumber.runtime.CucumberException: 
org.openqa.selenium.NoSuchElementException: no such element: Unable to locate element: {"method":"xpath","selector":"//select[@name='Size Type']"}
  (Session info: chrome=107.0.5304.110)
For documentation on this error, please visit: http://seleniumhq.org/exceptions/no_such_element.html
Build info: version: '3.12.0', revision: '7c6e0b3', time: '2018-05-08T14:04:26.12Z'
System info: host: 'mds-MacBook-Pro.lan', ip: '2603:7000:e300:e694:0:0:0:125b%en0', os.name: 'Mac OS X', os.arch: 'x86_64', os.version: '13.0.1', java.version: '1.8.0_341'
Driver info: org.openqa.selenium.chrome.ChromeDriver
Capabilities {acceptInsecureCerts: false, browserName: chrome, browserVersion: 107.0.5304.110, chrome: {chromedriverVersion: 107.0.5304.62 (1eec40d3a576..., userDataDir: /var/folders/01/z0yb3s817d5...}, goog:chromeOptions: {debuggerAddress: localhost:60649}, javascriptEnabled: true, networkConnectionEnabled: false, pageLoadStrategy: normal, platform: MAC, platformName: MAC, proxy: Proxy(), setWindowRect: true, strictFileInteractability: false, timeouts: {implicit: 0, pageLoad: 300000, script: 30000}, unhandledPromptBehavior: dismiss and notify, webauthn:extension:credBlob: true, webauthn:extension:largeBlob: true, webauthn:virtualAuthenticators: true}
Session ID: 20329ec9beb9081da3c4633bcbaeffc1
*** Element info: {Using=xpath, value=//select[@name='Size Type']}
Caused by: org.openqa.selenium.NoSuchElementException: 
no such element: Unable to locate element: {"method":"xpath","selector":"//select[@name='Size Type']"}
  (Session info: chrome=107.0.5304.110)
For documentation on this error, please visit: http://seleniumhq.org/exceptions/no_such_element.html
Build info: version: '3.12.0', revision: '7c6e0b3', time: '2018-05-08T14:04:26.12Z'
System info: host: 'mds-MacBook-Pro.lan', ip: '2603:7000:e300:e694:0:0:0:125b%en0', os.name: 'Mac OS X', os.arch: 'x86_64', os.version: '13.0.1', java.version: '1.8.0_341'
Driver info: org.openqa.selenium.chrome.ChromeDriver
Capabilities {acceptInsecureCerts: false, browserName: chrome, browserVersion: 107.0.5304.110, chrome: {chromedriverVersion: 107.0.5304.62 (1eec40d3a576..., userDataDir: /var/folders/01/z0yb3s817d5...}, goog:chromeOptions: {debuggerAddress: localhost:60649}, javascriptEnabled: true, networkConnectionEnabled: false, pageLoadStrategy: normal, platform: MAC, platformName: MAC, proxy: Proxy(), setWindowRect: true, strictFileInteractability: false, timeouts: {implicit: 0, pageLoad: 300000, script: 30000}, unhandledPromptBehavior: dismiss and notify, webauthn:extension:credBlob: true, webauthn:extension:largeBlob: true, webauthn:virtualAuthenticators: true}
Session ID: 20329ec9beb9081da3c4633bcbaeffc1
*** Element info: {Using=xpath, value=//select[@name='Size Type']}
</failure>
    <system-out><![CDATA[@regression @smoke @us-248
Feature: Ebay Cart Functionality
  
  Description: User should able to add items in cart
--->>>> Initializing Driver....
Test Scenario Name : Ebay cart functionality

  Background:                # EbayCartDropDown.feature:6
    Given Open Ebay Homepage # EbayHomepageSteps.open_Ebay_Homepage()
>>>>>>>> Screenshot Taken >>>>>>>>
 ------Test Complete, Browser Closed 

  Scenario: Ebay cart functionality          # EbayCartDropDown.feature:9
    Given Search for Shirt                   # EbayHomepageSteps.search_for_Shirt()
    When Select the first Shirt on item list # EbaySearchResultSteps.select_the_first_Shirt_on_item_list()
    And Select Size                          # EbayCartSteps.select_Size()
      org.openqa.selenium.NoSuchElementException: no such element: Unable to locate element: {"method":"xpath","selector":"//select[@name='Size Type']"}
        (Session info: chrome=107.0.5304.110)
      For documentation on this error, please visit: http://seleniumhq.org/exceptions/no_such_element.html
      Build info: version: '3.12.0', revision: '7c6e0b3', time: '2018-05-08T14:04:26.12Z'
      System info: host: 'mds-MacBook-Pro.lan', ip: '2603:7000:e300:e694:0:0:0:125b%en0', os.name: 'Mac OS X', os.arch: 'x86_64', os.version: '13.0.1', java.version: '1.8.0_341'
      Driver info: org.openqa.selenium.chrome.ChromeDriver
      Capabilities {acceptInsecureCerts: false, browserName: chrome, browserVersion: 107.0.5304.110, chrome: {chromedriverVersion: 107.0.5304.62 (1eec40d3a576..., userDataDir: /var/folders/01/z0yb3s817d5...}, goog:chromeOptions: {debuggerAddress: localhost:60649}, javascriptEnabled: true, networkConnectionEnabled: false, pageLoadStrategy: normal, platform: MAC, platformName: MAC, proxy: Proxy(), setWindowRect: true, strictFileInteractability: false, timeouts: {implicit: 0, pageLoad: 300000, script: 30000}, unhandledPromptBehavior: dismiss and notify, webauthn:extension:credBlob: true, webauthn:extension:largeBlob: true, webauthn:virtualAuthenticators: true}
      Session ID: 20329ec9beb9081da3c4633bcbaeffc1
      *** Element info: {Using=xpath, value=//select[@name='Size Type']}
      	at sun.reflect.NativeConstructorAccessorImpl.newInstance0(Native Method)
      	at sun.reflect.NativeConstructorAccessorImpl.newInstance(NativeConstructorAccessorImpl.java:62)
      	at sun.reflect.DelegatingConstructorAccessorImpl.newInstance(DelegatingConstructorAccessorImpl.java:45)
      	at java.lang.reflect.Constructor.newInstance(Constructor.java:423)
      	at org.openqa.selenium.remote.http.W3CHttpResponseCodec.createException(W3CHttpResponseCodec.java:187)
      	at org.openqa.selenium.remote.http.W3CHttpResponseCodec.decode(W3CHttpResponseCodec.java:122)
      	at org.openqa.selenium.remote.http.W3CHttpResponseCodec.decode(W3CHttpResponseCodec.java:49)
      	at org.openqa.selenium.remote.HttpCommandExecutor.execute(HttpCommandExecutor.java:158)
      	at org.openqa.selenium.remote.service.DriverCommandExecutor.execute(DriverCommandExecutor.java:83)
      	at org.openqa.selenium.remote.RemoteWebDriver.execute(RemoteWebDriver.java:543)
      	at org.openqa.selenium.remote.RemoteWebDriver.findElement(RemoteWebDriver.java:317)
      	at org.openqa.selenium.remote.RemoteWebDriver.findElementByXPath(RemoteWebDriver.java:419)
      	at org.openqa.selenium.By$ByXPath.findElement(By.java:353)
      	at org.openqa.selenium.remote.RemoteWebDriver.findElement(RemoteWebDriver.java:309)
      	at org.openqa.selenium.support.pagefactory.DefaultElementLocator.findElement(DefaultElementLocator.java:69)
      	at org.openqa.selenium.support.pagefactory.internal.LocatingElementHandler.invoke(LocatingElementHandler.java:38)
      	at com.sun.proxy.$Proxy18.getTagName(Unknown Source)
      	at org.openqa.selenium.support.ui.Select.<init>(Select.java:44)
      	at upskill.ebay.pageAction.EbayCartActions.selectSizeTypeDD(EbayCartActions.java:26)
      	at upskill.ebay.stepDef.EbayCartSteps.select_Size(EbayCartSteps.java:14)
      	at ✽.And Select Size(EbayCartDropDown.feature:12)

    And Select Men Size                      # EbayCartSteps.select_Men_Size()
    And Select Shade                         # EbayCartSteps.select_Shade()
    And Select Quantity                      # EbayCartSteps.select_Quantity()
    Then Add to shopping cart                # EbayCartSteps.add_to_shopping_cart()
]]></system-out>
    <system-err><![CDATA[Starting ChromeDriver 107.0.5304.62 (1eec40d3a5764881c92085aaee66d25075c159aa-refs/branch-heads/5304@{#942}) on port 10514
Only local connections are allowed.
Please see https://chromedriver.chromium.org/security-considerations for suggestions on keeping ChromeDriver safe.
ChromeDriver was started successfully.
Nov 23, 2022 4:05:55 PM org.openqa.selenium.remote.ProtocolHandshake createSession
INFO: Detected dialect: W3C
]]></system-err>
  </testcase>
  <testcase name="feature" classname="upskill.runners.RunnerClass" time="184.327">
    <failure message="org.openqa.selenium.ElementNotInteractableException: element not interactable&#10;  (Session info: chrome=107.0.5304.110)&#10;Build info: version: &apos;3.12.0&apos;, revision: &apos;7c6e0b3&apos;, time: &apos;2018-05-08T14:04:26.12Z&apos;&#10;System info: host: &apos;mds-MacBook-Pro.lan&apos;, ip: &apos;2603:7000:e300:e694:0:0:0:125b%en0&apos;, os.name: &apos;Mac OS X&apos;, os.arch: &apos;x86_64&apos;, os.version: &apos;13.0.1&apos;, java.version: &apos;1.8.0_341&apos;&#10;Driver info: org.openqa.selenium.chrome.ChromeDriver&#10;Capabilities {acceptInsecureCerts: false, browserName: chrome, browserVersion: 107.0.5304.110, chrome: {chromedriverVersion: 107.0.5304.62 (1eec40d3a576..., userDataDir: /var/folders/01/z0yb3s817d5...}, goog:chromeOptions: {debuggerAddress: localhost:60744}, javascriptEnabled: true, networkConnectionEnabled: false, pageLoadStrategy: normal, platform: MAC, platformName: MAC, proxy: Proxy(), setWindowRect: true, strictFileInteractability: false, timeouts: {implicit: 0, pageLoad: 300000, script: 30000}, unhandledPromptBehavior: dismiss and notify, webauthn:extension:credBlob: true, webauthn:extension:largeBlob: true, webauthn:virtualAuthenticators: true}&#10;Session ID: 0d8342920a13b94f0dd689bb22c1e1e8" type="cucumber.runtime.CucumberException">cucumber.runtime.CucumberException: 
org.openqa.selenium.ElementNotInteractableException: element not interactable
  (Session info: chrome=107.0.5304.110)
Build info: version: '3.12.0', revision: '7c6e0b3', time: '2018-05-08T14:04:26.12Z'
System info: host: 'mds-MacBook-Pro.lan', ip: '2603:7000:e300:e694:0:0:0:125b%en0', os.name: 'Mac OS X', os.arch: 'x86_64', os.version: '13.0.1', java.version: '1.8.0_341'
Driver info: org.openqa.selenium.chrome.ChromeDriver
Capabilities {acceptInsecureCerts: false, browserName: chrome, browserVersion: 107.0.5304.110, chrome: {chromedriverVersion: 107.0.5304.62 (1eec40d3a576..., userDataDir: /var/folders/01/z0yb3s817d5...}, goog:chromeOptions: {debuggerAddress: localhost:60744}, javascriptEnabled: true, networkConnectionEnabled: false, pageLoadStrategy: normal, platform: MAC, platformName: MAC, proxy: Proxy(), setWindowRect: true, strictFileInteractability: false, timeouts: {implicit: 0, pageLoad: 300000, script: 30000}, unhandledPromptBehavior: dismiss and notify, webauthn:extension:credBlob: true, webauthn:extension:largeBlob: true, webauthn:virtualAuthenticators: true}
Session ID: 0d8342920a13b94f0dd689bb22c1e1e8
Caused by: org.openqa.selenium.ElementNotInteractableException: 
element not interactable
  (Session info: chrome=107.0.5304.110)
Build info: version: '3.12.0', revision: '7c6e0b3', time: '2018-05-08T14:04:26.12Z'
System info: host: 'mds-MacBook-Pro.lan', ip: '2603:7000:e300:e694:0:0:0:125b%en0', os.name: 'Mac OS X', os.arch: 'x86_64', os.version: '13.0.1', java.version: '1.8.0_341'
Driver info: org.openqa.selenium.chrome.ChromeDriver
Capabilities {acceptInsecureCerts: false, browserName: chrome, browserVersion: 107.0.5304.110, chrome: {chromedriverVersion: 107.0.5304.62 (1eec40d3a576..., userDataDir: /var/folders/01/z0yb3s817d5...}, goog:chromeOptions: {debuggerAddress: localhost:60744}, javascriptEnabled: true, networkConnectionEnabled: false, pageLoadStrategy: normal, platform: MAC, platformName: MAC, proxy: Proxy(), setWindowRect: true, strictFileInteractability: false, timeouts: {implicit: 0, pageLoad: 300000, script: 30000}, unhandledPromptBehavior: dismiss and notify, webauthn:extension:credBlob: true, webauthn:extension:largeBlob: true, webauthn:virtualAuthenticators: true}
Session ID: 0d8342920a13b94f0dd689bb22c1e1e8
</failure>
    <system-out><![CDATA[@regression @smoke @us-247
Feature: Ebay Country Outline
  
  Description: User should able to filter items by Country

  Scenario Outline: Filter items by Country   # EbayCountryOutline.feature:9
    Given Search for "<Items>"
    When Region of Manufacture by "<Country>"
    Then Item list should be from "<Country>"

    Examples: 
--->>>> Initializing Driver....
Test Scenario Name : Filter items by Country

  Background:                # EbayCountryOutline.feature:6
    Given Open Ebay Homepage # EbayHomepageSteps.open_Ebay_Homepage()
>>>>>>>> Screenshot Taken >>>>>>>>
 ------Test Complete, Browser Closed 
--->>>> Initializing Driver....
Test Scenario Name : Filter items by Country

  @smoke @regression @us-247
  Scenario Outline: Filter items by Country # EbayCountryOutline.feature:17
    Given Search for "Shoes"                # EbayHomepageSteps.search_for(String)
    When Region of Manufacture by "China"   # EbaySearchResultSteps.region_of_Manufacture_by(String)
    Then Item list should be from "China"   # EbaySearchResultSteps.item_list_should_be_from(String)
      org.openqa.selenium.ElementNotInteractableException: element not interactable
        (Session info: chrome=107.0.5304.110)
      Build info: version: '3.12.0', revision: '7c6e0b3', time: '2018-05-08T14:04:26.12Z'
      System info: host: 'mds-MacBook-Pro.lan', ip: '2603:7000:e300:e694:0:0:0:125b%en0', os.name: 'Mac OS X', os.arch: 'x86_64', os.version: '13.0.1', java.version: '1.8.0_341'
      Driver info: org.openqa.selenium.chrome.ChromeDriver
      Capabilities {acceptInsecureCerts: false, browserName: chrome, browserVersion: 107.0.5304.110, chrome: {chromedriverVersion: 107.0.5304.62 (1eec40d3a576..., userDataDir: /var/folders/01/z0yb3s817d5...}, goog:chromeOptions: {debuggerAddress: localhost:60744}, javascriptEnabled: true, networkConnectionEnabled: false, pageLoadStrategy: normal, platform: MAC, platformName: MAC, proxy: Proxy(), setWindowRect: true, strictFileInteractability: false, timeouts: {implicit: 0, pageLoad: 300000, script: 30000}, unhandledPromptBehavior: dismiss and notify, webauthn:extension:credBlob: true, webauthn:extension:largeBlob: true, webauthn:virtualAuthenticators: true}
      Session ID: 0d8342920a13b94f0dd689bb22c1e1e8
      	at sun.reflect.NativeConstructorAccessorImpl.newInstance0(Native Method)
      	at sun.reflect.NativeConstructorAccessorImpl.newInstance(NativeConstructorAccessorImpl.java:62)
      	at sun.reflect.DelegatingConstructorAccessorImpl.newInstance(DelegatingConstructorAccessorImpl.java:45)
      	at java.lang.reflect.Constructor.newInstance(Constructor.java:423)
      	at org.openqa.selenium.remote.http.W3CHttpResponseCodec.createException(W3CHttpResponseCodec.java:187)
      	at org.openqa.selenium.remote.http.W3CHttpResponseCodec.decode(W3CHttpResponseCodec.java:122)
      	at org.openqa.selenium.remote.http.W3CHttpResponseCodec.decode(W3CHttpResponseCodec.java:49)
      	at org.openqa.selenium.remote.HttpCommandExecutor.execute(HttpCommandExecutor.java:158)
      	at org.openqa.selenium.remote.service.DriverCommandExecutor.execute(DriverCommandExecutor.java:83)
      	at org.openqa.selenium.remote.RemoteWebDriver.execute(RemoteWebDriver.java:543)
      	at org.openqa.selenium.remote.RemoteWebElement.execute(RemoteWebElement.java:276)
      	at org.openqa.selenium.remote.RemoteWebElement.click(RemoteWebElement.java:83)
      	at sun.reflect.NativeMethodAccessorImpl.invoke0(Native Method)
      	at sun.reflect.NativeMethodAccessorImpl.invoke(NativeMethodAccessorImpl.java:62)
      	at sun.reflect.DelegatingMethodAccessorImpl.invoke(DelegatingMethodAccessorImpl.java:43)
      	at java.lang.reflect.Method.invoke(Method.java:498)
      	at org.openqa.selenium.support.pagefactory.internal.LocatingElementHandler.invoke(LocatingElementHandler.java:51)
      	at com.sun.proxy.$Proxy18.click(Unknown Source)
      	at upskill.ebay.pageAction.EbaySearchResultActions.filterCountry(EbaySearchResultActions.java:34)
      	at upskill.ebay.stepDef.EbaySearchResultSteps.item_list_should_be_from(EbaySearchResultSteps.java:50)
      	at ✽.Then Item list should be from "China"(EbayCountryOutline.feature:12)


  Background:                # EbayCountryOutline.feature:6
    Given Open Ebay Homepage # EbayHomepageSteps.open_Ebay_Homepage()
 ------Test Complete, Browser Closed 
--->>>> Initializing Driver....
Test Scenario Name : Filter items by Country

  @smoke @regression @us-247
  Scenario Outline: Filter items by Country    # EbayCountryOutline.feature:18
    Given Search for "Shirts"                  # EbayHomepageSteps.search_for(String)
    When Region of Manufacture by "Bangladesh" # EbaySearchResultSteps.region_of_Manufacture_by(String)
    Then Item list should be from "Bangladesh" # EbaySearchResultSteps.item_list_should_be_from(String)

  Background:                # EbayCountryOutline.feature:6
    Given Open Ebay Homepage # EbayHomepageSteps.open_Ebay_Homepage()
 ------Test Complete, Browser Closed 

  @smoke @regression @us-247
  Scenario Outline: Filter items by Country       # EbayCountryOutline.feature:19
    Given Search for "Pants"                      # EbayHomepageSteps.search_for(String)
    When Region of Manufacture by "United States" # EbaySearchResultSteps.region_of_Manufacture_by(String)
    Then Item list should be from "United States" # EbaySearchResultSteps.item_list_should_be_from(String)
]]></system-out>
    <system-err><![CDATA[Starting ChromeDriver 107.0.5304.62 (1eec40d3a5764881c92085aaee66d25075c159aa-refs/branch-heads/5304@{#942}) on port 36662
Only local connections are allowed.
Please see https://chromedriver.chromium.org/security-considerations for suggestions on keeping ChromeDriver safe.
ChromeDriver was started successfully.
Nov 23, 2022 4:07:03 PM org.openqa.selenium.remote.ProtocolHandshake createSession
INFO: Detected dialect: W3C
Starting ChromeDriver 107.0.5304.62 (1eec40d3a5764881c92085aaee66d25075c159aa-refs/branch-heads/5304@{#942}) on port 42384
Only local connections are allowed.
Please see https://chromedriver.chromium.org/security-considerations for suggestions on keeping ChromeDriver safe.
ChromeDriver was started successfully.
Nov 23, 2022 4:08:19 PM org.openqa.selenium.remote.ProtocolHandshake createSession
INFO: Detected dialect: W3C
Starting ChromeDriver 107.0.5304.62 (1eec40d3a5764881c92085aaee66d25075c159aa-refs/branch-heads/5304@{#942}) on port 15189
Only local connections are allowed.
Please see https://chromedriver.chromium.org/security-considerations for suggestions on keeping ChromeDriver safe.
ChromeDriver was started successfully.
Nov 23, 2022 4:09:13 PM org.openqa.selenium.remote.ProtocolHandshake createSession
INFO: Detected dialect: W3C
]]></system-err>
  </testcase>
  <testcase name="feature" classname="upskill.runners.RunnerClass" time="48.079"/>
  <testcase name="feature" classname="upskill.runners.RunnerClass" time="46.92"/>
  <testcase name="feature" classname="upskill.runners.RunnerClass" time="47.682"/>
  <testcase name="feature" classname="upskill.runners.RunnerClass" time="44.712"/>
  <testcase name="feature" classname="upskill.runners.RunnerClass" time="56.314">
    <failure message="org.openqa.selenium.ElementNotInteractableException: element not interactable&#10;  (Session info: chrome=107.0.5304.110)&#10;Build info: version: &apos;3.12.0&apos;, revision: &apos;7c6e0b3&apos;, time: &apos;2018-05-08T14:04:26.12Z&apos;&#10;System info: host: &apos;mds-MacBook-Pro.lan&apos;, ip: &apos;2603:7000:e300:e694:0:0:0:125b%en0&apos;, os.name: &apos;Mac OS X&apos;, os.arch: &apos;x86_64&apos;, os.version: &apos;13.0.1&apos;, java.version: &apos;1.8.0_341&apos;&#10;Driver info: org.openqa.selenium.chrome.ChromeDriver&#10;Capabilities {acceptInsecureCerts: false, browserName: chrome, browserVersion: 107.0.5304.110, chrome: {chromedriverVersion: 107.0.5304.62 (1eec40d3a576..., userDataDir: /var/folders/01/z0yb3s817d5...}, goog:chromeOptions: {debuggerAddress: localhost:61484}, javascriptEnabled: true, networkConnectionEnabled: false, pageLoadStrategy: normal, platform: MAC, platformName: MAC, proxy: Proxy(), setWindowRect: true, strictFileInteractability: false, timeouts: {implicit: 0, pageLoad: 300000, script: 30000}, unhandledPromptBehavior: dismiss and notify, webauthn:extension:credBlob: true, webauthn:extension:largeBlob: true, webauthn:virtualAuthenticators: true}&#10;Session ID: 559e71d0fe51fe503fbf319ab3c2e52a" type="cucumber.runtime.CucumberException">cucumber.runtime.CucumberException: 
org.openqa.selenium.ElementNotInteractableException: element not interactable
  (Session info: chrome=107.0.5304.110)
Build info: version: '3.12.0', revision: '7c6e0b3', time: '2018-05-08T14:04:26.12Z'
System info: host: 'mds-MacBook-Pro.lan', ip: '2603:7000:e300:e694:0:0:0:125b%en0', os.name: 'Mac OS X', os.arch: 'x86_64', os.version: '13.0.1', java.version: '1.8.0_341'
Driver info: org.openqa.selenium.chrome.ChromeDriver
Capabilities {acceptInsecureCerts: false, browserName: chrome, browserVersion: 107.0.5304.110, chrome: {chromedriverVersion: 107.0.5304.62 (1eec40d3a576..., userDataDir: /var/folders/01/z0yb3s817d5...}, goog:chromeOptions: {debuggerAddress: localhost:61484}, javascriptEnabled: true, networkConnectionEnabled: false, pageLoadStrategy: normal, platform: MAC, platformName: MAC, proxy: Proxy(), setWindowRect: true, strictFileInteractability: false, timeouts: {implicit: 0, pageLoad: 300000, script: 30000}, unhandledPromptBehavior: dismiss and notify, webauthn:extension:credBlob: true, webauthn:extension:largeBlob: true, webauthn:virtualAuthenticators: true}
Session ID: 559e71d0fe51fe503fbf319ab3c2e52a
Caused by: org.openqa.selenium.ElementNotInteractableException: 
element not interactable
  (Session info: chrome=107.0.5304.110)
Build info: version: '3.12.0', revision: '7c6e0b3', time: '2018-05-08T14:04:26.12Z'
System info: host: 'mds-MacBook-Pro.lan', ip: '2603:7000:e300:e694:0:0:0:125b%en0', os.name: 'Mac OS X', os.arch: 'x86_64', os.version: '13.0.1', java.version: '1.8.0_341'
Driver info: org.openqa.selenium.chrome.ChromeDriver
Capabilities {acceptInsecureCerts: false, browserName: chrome, browserVersion: 107.0.5304.110, chrome: {chromedriverVersion: 107.0.5304.62 (1eec40d3a576..., userDataDir: /var/folders/01/z0yb3s817d5...}, goog:chromeOptions: {debuggerAddress: localhost:61484}, javascriptEnabled: true, networkConnectionEnabled: false, pageLoadStrategy: normal, platform: MAC, platformName: MAC, proxy: Proxy(), setWindowRect: true, strictFileInteractability: false, timeouts: {implicit: 0, pageLoad: 300000, script: 30000}, unhandledPromptBehavior: dismiss and notify, webauthn:extension:credBlob: true, webauthn:extension:largeBlob: true, webauthn:virtualAuthenticators: true}
Session ID: 559e71d0fe51fe503fbf319ab3c2e52a
</failure>
    <system-out><![CDATA[@regression
Feature: Ebay Summary Mousehover
--->>>> Initializing Driver....
Test Scenario Name : Ebay Summary Mousehover
>>>>>>>> Screenshot Taken >>>>>>>>
 ------Test Complete, Browser Closed 

  Scenario: Ebay Summary Mousehover    # EbaySummaryMouseHover.feature:4
    Given Open Ebay Homepage           # EbayHomepageSteps.open_Ebay_Homepage()
    When Mouse Hover to MyEbay Summary # EbayHomepageSteps.mouse_Hover_to_MyEbay_Summary()
    Then Click on Summary              # EbayHomepageSteps.click_on_Summary()
      org.openqa.selenium.ElementNotInteractableException: element not interactable
        (Session info: chrome=107.0.5304.110)
      Build info: version: '3.12.0', revision: '7c6e0b3', time: '2018-05-08T14:04:26.12Z'
      System info: host: 'mds-MacBook-Pro.lan', ip: '2603:7000:e300:e694:0:0:0:125b%en0', os.name: 'Mac OS X', os.arch: 'x86_64', os.version: '13.0.1', java.version: '1.8.0_341'
      Driver info: org.openqa.selenium.chrome.ChromeDriver
      Capabilities {acceptInsecureCerts: false, browserName: chrome, browserVersion: 107.0.5304.110, chrome: {chromedriverVersion: 107.0.5304.62 (1eec40d3a576..., userDataDir: /var/folders/01/z0yb3s817d5...}, goog:chromeOptions: {debuggerAddress: localhost:61484}, javascriptEnabled: true, networkConnectionEnabled: false, pageLoadStrategy: normal, platform: MAC, platformName: MAC, proxy: Proxy(), setWindowRect: true, strictFileInteractability: false, timeouts: {implicit: 0, pageLoad: 300000, script: 30000}, unhandledPromptBehavior: dismiss and notify, webauthn:extension:credBlob: true, webauthn:extension:largeBlob: true, webauthn:virtualAuthenticators: true}
      Session ID: 559e71d0fe51fe503fbf319ab3c2e52a
      	at sun.reflect.NativeConstructorAccessorImpl.newInstance0(Native Method)
      	at sun.reflect.NativeConstructorAccessorImpl.newInstance(NativeConstructorAccessorImpl.java:62)
      	at sun.reflect.DelegatingConstructorAccessorImpl.newInstance(DelegatingConstructorAccessorImpl.java:45)
      	at java.lang.reflect.Constructor.newInstance(Constructor.java:423)
      	at org.openqa.selenium.remote.http.W3CHttpResponseCodec.createException(W3CHttpResponseCodec.java:187)
      	at org.openqa.selenium.remote.http.W3CHttpResponseCodec.decode(W3CHttpResponseCodec.java:122)
      	at org.openqa.selenium.remote.http.W3CHttpResponseCodec.decode(W3CHttpResponseCodec.java:49)
      	at org.openqa.selenium.remote.HttpCommandExecutor.execute(HttpCommandExecutor.java:158)
      	at org.openqa.selenium.remote.service.DriverCommandExecutor.execute(DriverCommandExecutor.java:83)
      	at org.openqa.selenium.remote.RemoteWebDriver.execute(RemoteWebDriver.java:543)
      	at org.openqa.selenium.remote.RemoteWebElement.execute(RemoteWebElement.java:276)
      	at org.openqa.selenium.remote.RemoteWebElement.click(RemoteWebElement.java:83)
      	at sun.reflect.GeneratedMethodAccessor10.invoke(Unknown Source)
      	at sun.reflect.DelegatingMethodAccessorImpl.invoke(DelegatingMethodAccessorImpl.java:43)
      	at java.lang.reflect.Method.invoke(Method.java:498)
      	at org.openqa.selenium.support.pagefactory.internal.LocatingElementHandler.invoke(LocatingElementHandler.java:51)
      	at com.sun.proxy.$Proxy18.click(Unknown Source)
      	at upskill.ebay.pageAction.EbayHomepageActions.clickSummary(EbayHomepageActions.java:143)
      	at upskill.ebay.stepDef.EbayHomepageSteps.click_on_Summary(EbayHomepageSteps.java:52)
      	at ✽.Then Click on Summary(EbaySummaryMouseHover.feature:7)

]]></system-out>
    <system-err><![CDATA[Starting ChromeDriver 107.0.5304.62 (1eec40d3a5764881c92085aaee66d25075c159aa-refs/branch-heads/5304@{#942}) on port 42016
Only local connections are allowed.
Please see https://chromedriver.chromium.org/security-considerations for suggestions on keeping ChromeDriver safe.
ChromeDriver was started successfully.
Nov 23, 2022 4:13:13 PM org.openqa.selenium.remote.ProtocolHandshake createSession
INFO: Detected dialect: W3C
]]></system-err>
  </testcase>
  <testcase name="feature" classname="upskill.runners.RunnerClass" time="16.141"/>
</testsuite>